2026-03-01 14:11:04 [    INFO] stock | PostgreSQL 连接池创建成功
2026-03-01 14:14:10 [    INFO] stock | PostgreSQL 连接池创建成功
2026-03-01 14:16:43 [    INFO] stock | PostgreSQL 连接池创建成功
2026-03-01 14:43:38 [    INFO] stock | PostgreSQL 连接池创建成功
2026-03-01 14:45:05 [    INFO] stock | PostgreSQL 连接池创建成功
2026-03-01 14:46:37 [    INFO] stock | PostgreSQL 连接池创建成功
2026-03-01 14:50:51 [    INFO] stock | PostgreSQL 连接池创建成功
2026-03-01 14:51:11 [    INFO] stock | 开始清洗 000001 训练段 1991-04-03~2024-12-31
2026-03-01 14:51:11 [    INFO] stock | getting 000001 raw data from pg. begin_date: 1991-04-03, end_date:2024-12-31.
2026-03-01 14:52:21 [    INFO] stock | Upsert daily_kline 8517 条
2026-03-01 14:52:21 [    INFO] stock | 加载已有scaler: D:\pyProject\pythonProject\09-stock_analysis\stock_predict\data_process\scaler_X.pkl
2026-03-01 14:52:25 [    INFO] stock | Upsert daily_kline 8517 条
2026-03-01 14:52:25 [    INFO] stock | upsert 8517 条 clean 数据
2026-03-01 14:52:25 [    INFO] stock | 000001 清洗完成，处理 8517 条数据
2026-03-01 14:52:37 [    INFO] stock | 开始清洗 000002 训练段 1991-01-29~2024-12-31
2026-03-01 14:52:37 [    INFO] stock | getting 000002 raw data from pg. begin_date: 1991-01-29, end_date:2024-12-31.
2026-03-01 14:52:53 [    INFO] stock | Upsert daily_kline 8561 条
2026-03-01 14:52:53 [    INFO] stock | 加载已有scaler: D:\pyProject\pythonProject\09-stock_analysis\stock_predict\data_process\scaler_X.pkl
2026-03-01 14:52:58 [    INFO] stock | Upsert daily_kline 8561 条
2026-03-01 14:52:58 [    INFO] stock | upsert 8561 条 clean 数据
2026-03-01 14:52:58 [    INFO] stock | 000002 清洗完成，处理 8561 条数据
2026-03-01 14:57:12 [    INFO] stock | PostgreSQL 连接池创建成功
2026-03-01 15:19:49 [    INFO] stock | PostgreSQL 连接池创建成功
2026-03-01 15:24:16 [    INFO] stock | PostgreSQL 连接池创建成功
2026-03-01 15:24:32 [    INFO] stock | 开始清洗 000001 训练段 1991-04-03~2024-12-31
2026-03-01 15:24:32 [    INFO] stock | getting 000001 raw data from pg. begin_date: 1991-04-03, end_date:2024-12-31.
2026-03-01 15:24:46 [    INFO] stock | Upsert daily_kline 8517 条
2026-03-01 15:24:46 [    INFO] stock | 加载已有scaler: D:\pyProject\pythonProject\09-stock_analysis\stock_predict\data_process\scaler_X.pkl
2026-03-01 15:24:50 [    INFO] stock | Upsert daily_kline 8517 条
2026-03-01 15:24:50 [    INFO] stock | upsert 8517 条 clean 数据
2026-03-01 15:24:50 [    INFO] stock | 000001 清洗完成，处理 8517 条数据
2026-03-01 15:25:01 [    INFO] stock | 开始清洗 000002 训练段 1991-01-29~2024-12-31
2026-03-01 15:25:01 [    INFO] stock | getting 000002 raw data from pg. begin_date: 1991-01-29, end_date:2024-12-31.
2026-03-01 15:25:13 [    INFO] stock | Upsert daily_kline 8561 条
2026-03-01 15:25:13 [    INFO] stock | 加载已有scaler: D:\pyProject\pythonProject\09-stock_analysis\stock_predict\data_process\scaler_X.pkl
2026-03-01 15:25:17 [    INFO] stock | Upsert daily_kline 8561 条
2026-03-01 15:25:17 [    INFO] stock | upsert 8561 条 clean 数据
2026-03-01 15:25:17 [    INFO] stock | 000002 清洗完成，处理 8561 条数据
2026-03-01 15:25:28 [    INFO] stock | 开始清洗 000004 训练段 1991-01-14~2024-12-31
2026-03-01 15:25:28 [    INFO] stock | getting 000004 raw data from pg. begin_date: 1991-01-14, end_date:2024-12-31.
2026-03-01 15:25:43 [   ERROR] stock | 数据库操作异常
Traceback (most recent call last):
  File "D:\pyProject\pythonProject\09-stock_analysis\stock_predict\utils\db_conn.py", line 127, in get_cursor
    yield cur
  File "D:\pyProject\pythonProject\09-stock_analysis\stock_predict\utils\db_conn.py", line 240, in upsert
    execute_values(cur, insert_sql.as_string(cur), [tuple(d[c] for c in cols) for d in data])
    ~~~~~~~~~~~~~~^^^^^^^^^^^^^^^^^^^^^^^^^^^^^^^^^^^^^^^^^^^^^^^^^^^^^^^^^^^^^^^^^^^^^^^^^^^
  File "D:\Envs\stock_predict\Lib\site-packages\psycopg2\extras.py", line 1299, in execute_values
    cur.execute(b''.join(parts))
    ~~~~~~~~~~~^^^^^^^^^^^^^^^^^
psycopg2.errors.DatatypeMismatch: 错误:  字段 "is_st" 的类型为 boolean, 但表达式的类型为 double precision
LINE 1: ...ver_raw") VALUES ('1990-12-19'::date,'NaN'::float,'NaN'::flo...
                                                             ^
HINT:  你需要重写或转换表达式

2026-03-01 15:25:53 [    INFO] stock | 开始清洗 000006 训练段 1992-04-27~2024-12-31
2026-03-01 15:25:53 [    INFO] stock | getting 000006 raw data from pg. begin_date: 1992-04-27, end_date:2024-12-31.
2026-03-01 15:26:10 [    INFO] stock | Upsert daily_kline 8246 条
2026-03-01 15:26:10 [    INFO] stock | 加载已有scaler: D:\pyProject\pythonProject\09-stock_analysis\stock_predict\data_process\scaler_X.pkl
2026-03-01 15:26:14 [    INFO] stock | Upsert daily_kline 8246 条
2026-03-01 15:26:14 [    INFO] stock | upsert 8246 条 clean 数据
2026-03-01 15:26:14 [    INFO] stock | 000006 清洗完成，处理 8246 条数据
2026-03-01 15:26:28 [    INFO] stock | 开始清洗 000007 训练段 1992-04-13~2024-12-31
2026-03-01 15:26:28 [    INFO] stock | getting 000007 raw data from pg. begin_date: 1992-04-13, end_date:2024-12-31.
2026-03-01 15:26:45 [    INFO] stock | Upsert daily_kline 8256 条
2026-03-01 15:26:45 [    INFO] stock | 加载已有scaler: D:\pyProject\pythonProject\09-stock_analysis\stock_predict\data_process\scaler_X.pkl
2026-03-01 15:26:47 [    INFO] stock | Upsert daily_kline 8256 条
2026-03-01 15:26:47 [    INFO] stock | upsert 8256 条 clean 数据
2026-03-01 15:26:47 [    INFO] stock | 000007 清洗完成，处理 8256 条数据
2026-03-01 15:26:56 [    INFO] stock | 开始清洗 000008 训练段 1992-05-07~2024-12-31
2026-03-01 15:26:56 [    INFO] stock | getting 000008 raw data from pg. begin_date: 1992-05-07, end_date:2024-12-31.
2026-03-01 15:27:05 [    INFO] stock | Upsert daily_kline 8239 条
2026-03-01 15:27:05 [    INFO] stock | 加载已有scaler: D:\pyProject\pythonProject\09-stock_analysis\stock_predict\data_process\scaler_X.pkl
2026-03-01 15:27:08 [    INFO] stock | Upsert daily_kline 8239 条
2026-03-01 15:27:08 [    INFO] stock | upsert 8239 条 clean 数据
2026-03-01 15:27:08 [    INFO] stock | 000008 清洗完成，处理 8239 条数据
2026-03-01 15:27:17 [    INFO] stock | 开始清洗 000009 训练段 1991-06-25~2024-12-31
2026-03-01 15:27:17 [    INFO] stock | getting 000009 raw data from pg. begin_date: 1991-06-25, end_date:2024-12-31.
2026-03-01 15:27:25 [    INFO] stock | Upsert daily_kline 8459 条
2026-03-01 15:27:25 [    INFO] stock | 加载已有scaler: D:\pyProject\pythonProject\09-stock_analysis\stock_predict\data_process\scaler_X.pkl
2026-03-01 15:27:27 [    INFO] stock | Upsert daily_kline 8459 条
2026-03-01 15:27:27 [    INFO] stock | upsert 8459 条 clean 数据
2026-03-01 15:27:27 [    INFO] stock | 000009 清洗完成，处理 8459 条数据
2026-03-01 15:27:32 [    INFO] stock | 开始清洗 000011 训练段 1992-03-30~2024-12-31
2026-03-01 15:27:32 [    INFO] stock | getting 000011 raw data from pg. begin_date: 1992-03-30, end_date:2024-12-31.
2026-03-01 15:27:38 [    INFO] stock | Upsert daily_kline 8266 条
2026-03-01 15:27:38 [    INFO] stock | 加载已有scaler: D:\pyProject\pythonProject\09-stock_analysis\stock_predict\data_process\scaler_X.pkl
2026-03-01 15:27:40 [    INFO] stock | Upsert daily_kline 8266 条
2026-03-01 15:27:40 [    INFO] stock | upsert 8266 条 clean 数据
2026-03-01 15:27:40 [    INFO] stock | 000011 清洗完成，处理 8266 条数据
2026-03-01 15:27:45 [    INFO] stock | 开始清洗 000012 训练段 1992-02-28~2024-12-31
2026-03-01 15:27:45 [    INFO] stock | getting 000012 raw data from pg. begin_date: 1992-02-28, end_date:2024-12-31.
2026-03-01 15:27:51 [    INFO] stock | Upsert daily_kline 8287 条
2026-03-01 15:27:51 [    INFO] stock | 加载已有scaler: D:\pyProject\pythonProject\09-stock_analysis\stock_predict\data_process\scaler_X.pkl
2026-03-01 15:27:53 [    INFO] stock | Upsert daily_kline 8287 条
2026-03-01 15:27:53 [    INFO] stock | upsert 8287 条 clean 数据
2026-03-01 15:27:53 [    INFO] stock | 000012 清洗完成，处理 8287 条数据
2026-03-01 15:27:58 [    INFO] stock | 开始清洗 000014 训练段 1992-06-02~2024-12-31
2026-03-01 15:27:58 [    INFO] stock | getting 000014 raw data from pg. begin_date: 1992-06-02, end_date:2024-12-31.
2026-03-01 15:28:06 [    INFO] stock | Upsert daily_kline 8221 条
2026-03-01 15:28:06 [    INFO] stock | 加载已有scaler: D:\pyProject\pythonProject\09-stock_analysis\stock_predict\data_process\scaler_X.pkl
2026-03-01 15:28:11 [    INFO] stock | Upsert daily_kline 8221 条
2026-03-01 15:28:11 [    INFO] stock | upsert 8221 条 clean 数据
2026-03-01 15:28:11 [    INFO] stock | 000014 清洗完成，处理 8221 条数据
2026-03-01 15:29:52 [    INFO] stock | PostgreSQL 连接池创建成功
2026-03-01 15:30:19 [    INFO] stock | 开始清洗 000001 训练段 1991-04-03~2024-12-31
2026-03-01 15:30:19 [    INFO] stock | getting 000001 raw data from pg. begin_date: 1991-04-03, end_date:2024-12-31.
2026-03-01 15:30:40 [    INFO] stock | Upsert daily_kline 8517 条
2026-03-01 15:30:40 [    INFO] stock | 加载已有scaler: D:\pyProject\pythonProject\09-stock_analysis\stock_predict\data_process\scaler_X.pkl
2026-03-01 15:30:44 [    INFO] stock | Upsert daily_kline 8517 条
2026-03-01 15:30:44 [    INFO] stock | upsert 8517 条 clean 数据
2026-03-01 15:30:44 [    INFO] stock | 000001 清洗完成，处理 8517 条数据
2026-03-01 15:30:59 [    INFO] stock | 开始清洗 000002 训练段 1991-01-29~2024-12-31
2026-03-01 15:30:59 [    INFO] stock | getting 000002 raw data from pg. begin_date: 1991-01-29, end_date:2024-12-31.
2026-03-01 15:31:12 [    INFO] stock | Upsert daily_kline 8561 条
2026-03-01 15:31:12 [    INFO] stock | 加载已有scaler: D:\pyProject\pythonProject\09-stock_analysis\stock_predict\data_process\scaler_X.pkl
2026-03-01 15:31:15 [    INFO] stock | Upsert daily_kline 8561 条
2026-03-01 15:31:15 [    INFO] stock | upsert 8561 条 clean 数据
2026-03-01 15:31:15 [    INFO] stock | 000002 清洗完成，处理 8561 条数据
2026-03-01 15:31:25 [    INFO] stock | 开始清洗 000004 训练段 1991-01-14~2024-12-31
2026-03-01 15:31:25 [    INFO] stock | getting 000004 raw data from pg. begin_date: 1991-01-14, end_date:2024-12-31.
2026-03-01 15:31:38 [    INFO] stock | Upsert daily_kline 8589 条
2026-03-01 15:31:38 [    INFO] stock | 加载已有scaler: D:\pyProject\pythonProject\09-stock_analysis\stock_predict\data_process\scaler_X.pkl
2026-03-01 15:31:41 [    INFO] stock | Upsert daily_kline 8589 条
2026-03-01 15:31:41 [    INFO] stock | upsert 8589 条 clean 数据
2026-03-01 15:31:41 [    INFO] stock | 000004 清洗完成，处理 8589 条数据
2026-03-01 15:31:54 [    INFO] stock | 开始清洗 000006 训练段 1992-04-27~2024-12-31
2026-03-01 15:31:54 [    INFO] stock | getting 000006 raw data from pg. begin_date: 1992-04-27, end_date:2024-12-31.
2026-03-01 15:32:08 [    INFO] stock | Upsert daily_kline 8246 条
2026-03-01 15:32:08 [    INFO] stock | 加载已有scaler: D:\pyProject\pythonProject\09-stock_analysis\stock_predict\data_process\scaler_X.pkl
2026-03-01 15:32:12 [    INFO] stock | Upsert daily_kline 8246 条
2026-03-01 15:32:12 [    INFO] stock | upsert 8246 条 clean 数据
2026-03-01 15:32:12 [    INFO] stock | 000006 清洗完成，处理 8246 条数据
2026-03-01 15:32:25 [    INFO] stock | 开始清洗 000007 训练段 1992-04-13~2024-12-31
2026-03-01 15:32:25 [    INFO] stock | getting 000007 raw data from pg. begin_date: 1992-04-13, end_date:2024-12-31.
2026-03-01 15:32:40 [    INFO] stock | Upsert daily_kline 8256 条
2026-03-01 15:32:40 [    INFO] stock | 加载已有scaler: D:\pyProject\pythonProject\09-stock_analysis\stock_predict\data_process\scaler_X.pkl
2026-03-01 15:32:45 [    INFO] stock | Upsert daily_kline 8256 条
2026-03-01 15:32:45 [    INFO] stock | upsert 8256 条 clean 数据
2026-03-01 15:32:45 [    INFO] stock | 000007 清洗完成，处理 8256 条数据
2026-03-01 15:33:21 [    INFO] stock | 开始清洗 000008 训练段 1992-05-07~2024-12-31
2026-03-01 15:33:21 [    INFO] stock | getting 000008 raw data from pg. begin_date: 1992-05-07, end_date:2024-12-31.
2026-03-01 15:33:49 [    INFO] stock | Upsert daily_kline 8239 条
2026-03-01 15:33:49 [    INFO] stock | 加载已有scaler: D:\pyProject\pythonProject\09-stock_analysis\stock_predict\data_process\scaler_X.pkl
2026-03-01 15:33:53 [    INFO] stock | Upsert daily_kline 8239 条
2026-03-01 15:33:53 [    INFO] stock | upsert 8239 条 clean 数据
2026-03-01 15:33:53 [    INFO] stock | 000008 清洗完成，处理 8239 条数据
2026-03-01 15:34:21 [    INFO] stock | 开始清洗 000009 训练段 1991-06-25~2024-12-31
2026-03-01 15:34:21 [    INFO] stock | getting 000009 raw data from pg. begin_date: 1991-06-25, end_date:2024-12-31.
2026-03-01 15:34:53 [    INFO] stock | Upsert daily_kline 8459 条
2026-03-01 15:34:53 [    INFO] stock | 加载已有scaler: D:\pyProject\pythonProject\09-stock_analysis\stock_predict\data_process\scaler_X.pkl
2026-03-01 15:34:58 [    INFO] stock | Upsert daily_kline 8459 条
2026-03-01 15:34:58 [    INFO] stock | upsert 8459 条 clean 数据
2026-03-01 15:34:58 [    INFO] stock | 000009 清洗完成，处理 8459 条数据
2026-03-01 15:35:20 [    INFO] stock | 开始清洗 000011 训练段 1992-03-30~2024-12-31
2026-03-01 15:35:20 [    INFO] stock | getting 000011 raw data from pg. begin_date: 1992-03-30, end_date:2024-12-31.
2026-03-01 15:36:06 [    INFO] stock | Upsert daily_kline 8266 条
2026-03-01 15:36:07 [    INFO] stock | 加载已有scaler: D:\pyProject\pythonProject\09-stock_analysis\stock_predict\data_process\scaler_X.pkl
2026-03-01 15:36:17 [    INFO] stock | Upsert daily_kline 8266 条
2026-03-01 15:36:17 [    INFO] stock | upsert 8266 条 clean 数据
2026-03-01 15:36:17 [    INFO] stock | 000011 清洗完成，处理 8266 条数据
2026-03-01 15:37:42 [    INFO] stock | 开始清洗 000012 训练段 1992-02-28~2024-12-31
2026-03-01 15:37:42 [    INFO] stock | getting 000012 raw data from pg. begin_date: 1992-02-28, end_date:2024-12-31.
2026-03-01 15:39:03 [    INFO] stock | Upsert daily_kline 8287 条
2026-03-01 15:39:03 [    INFO] stock | 加载已有scaler: D:\pyProject\pythonProject\09-stock_analysis\stock_predict\data_process\scaler_X.pkl
2026-03-01 15:39:15 [    INFO] stock | Upsert daily_kline 8287 条
2026-03-01 15:39:15 [    INFO] stock | upsert 8287 条 clean 数据
2026-03-01 15:39:15 [    INFO] stock | 000012 清洗完成，处理 8287 条数据
2026-03-01 15:40:05 [    INFO] stock | 开始清洗 000014 训练段 1992-06-02~2024-12-31
2026-03-01 15:40:05 [    INFO] stock | getting 000014 raw data from pg. begin_date: 1992-06-02, end_date:2024-12-31.
2026-03-01 15:40:25 [    INFO] stock | Upsert daily_kline 8221 条
2026-03-01 15:40:25 [    INFO] stock | 加载已有scaler: D:\pyProject\pythonProject\09-stock_analysis\stock_predict\data_process\scaler_X.pkl
2026-03-01 15:40:30 [    INFO] stock | Upsert daily_kline 8221 条
2026-03-01 15:40:30 [    INFO] stock | upsert 8221 条 clean 数据
2026-03-01 15:40:30 [    INFO] stock | 000014 清洗完成，处理 8221 条数据
2026-03-01 15:52:59 [    INFO] stock | PostgreSQL 连接池创建成功
2026-03-01 15:53:04 [    INFO] stock | 开始清洗 000004 训练段 1991-01-14~2024-12-31
2026-03-01 15:53:04 [    INFO] stock | getting 000004 raw data from pg. begin_date: 1991-01-14, end_date:2024-12-31.
2026-03-01 15:53:14 [    INFO] stock | Upsert daily_kline 8589 条
2026-03-01 15:53:14 [    INFO] stock | 加载已有scaler: D:\pyProject\pythonProject\09-stock_analysis\stock_predict\data_process\scaler_X.pkl
2026-03-01 15:53:17 [    INFO] stock | Upsert daily_kline 8589 条
2026-03-01 15:53:17 [    INFO] stock | upsert 8589 条 clean 数据
2026-03-01 15:53:17 [    INFO] stock | 000004 清洗完成，处理 8589 条数据
2026-03-01 15:53:38 [    INFO] stock | PostgreSQL 连接池创建成功
2026-03-01 15:53:43 [    INFO] stock | 开始清洗 000004 训练段 1991-01-14~2024-12-31
2026-03-01 15:53:43 [    INFO] stock | getting 000004 raw data from pg. begin_date: 1991-01-14, end_date:2024-12-31.
2026-03-01 15:53:58 [    INFO] stock | Upsert daily_kline 8589 条
2026-03-01 15:53:58 [    INFO] stock | 加载已有scaler: D:\pyProject\pythonProject\09-stock_analysis\stock_predict\data_process\scaler_X.pkl
2026-03-01 15:54:01 [    INFO] stock | Upsert daily_kline 8589 条
2026-03-01 15:54:01 [    INFO] stock | upsert 8589 条 clean 数据
2026-03-01 15:54:01 [    INFO] stock | 000004 清洗完成，处理 8589 条数据
2026-03-01 17:38:08 [    INFO] stock | PostgreSQL 连接池创建成功
2026-03-01 17:39:09 [    INFO] stock | PostgreSQL 连接池创建成功
2026-03-01 17:40:43 [    INFO] stock | PostgreSQL 连接池创建成功
2026-03-01 17:41:23 [    INFO] stock | PostgreSQL 连接池创建成功
2026-03-01 17:43:46 [    INFO] stock | PostgreSQL 连接池创建成功
